#-----------------------------------------------------------
# Vivado v2018.2 (64-bit)
# SW Build 2258646 on Thu Jun 14 20:03:12 MDT 2018
# IP Build 2256618 on Thu Jun 14 22:10:49 MDT 2018
# Start of session at: Tue May 14 07:02:18 2024
# Process ID: 16108
# Current directory: A:/vivado_project/mano basic computer via verilog
# Command line: vivado.exe -gui_launcher_event rodinguilauncherevent17444 A:\vivado_project\mano basic computer via verilog\mano basic computer via verilog.xpr
# Log file: A:/vivado_project/mano basic computer via verilog/vivado.log
# Journal file: A:/vivado_project/mano basic computer via verilog\vivado.jou
#-----------------------------------------------------------
start_gui
open_project {A:/vivado_project/mano basic computer via verilog/mano basic computer via verilog.xpr}
Scanning sources...
Finished scanning sources
INFO: [IP_Flow 19-234] Refreshing IP repositories
INFO: [IP_Flow 19-1704] No user IP repositories specified
INFO: [IP_Flow 19-2313] Loaded Vivado IP repository 'C:/Xilinx/Vivado/2018.2/data/ip'.
open_project: Time (s): cpu = 00:00:15 ; elapsed = 00:00:08 . Memory (MB): peak = 870.207 ; gain = 111.715
update_compile_order -fileset sources_1
exit
INFO: [Common 17-206] Exiting Vivado at Tue May 14 07:03:14 2024...
